#
# There is insufficient memory for the Java Runtime Environment to continue.
# Native memory allocation (mmap) failed to map 532676608 bytes. Error detail: G1 virtual space
# Possible reasons:
#   The system is out of physical RAM or swap space
#   This process is running with CompressedOops enabled, and the Java Heap may be blocking the growth of the native heap
# Possible solutions:
#   Reduce memory load on the system
#   Increase physical memory or swap space
#   Check if swap backing store is full
#   Decrease Java heap size (-Xmx/-Xms)
#   Decrease number of Java threads
#   Decrease Java thread stack sizes (-Xss)
#   Set larger code cache with -XX:ReservedCodeCacheSize=
#   JVM is running with Zero Based Compressed Oops mode in which the Java heap is
#     placed in the first 32GB address space. The Java Heap base address is the
#     maximum limit for the native heap growth. Please use -XX:HeapBaseMinAddress
#     to set the Java Heap base and to place the Java Heap above 32GB virtual address.
# This output file may be truncated or incomplete.
#
#  Out of Memory Error (os_windows.cpp:3898), pid=37684, tid=7532
#
# JRE version:  (21.0.6+9) (build )
# Java VM: OpenJDK 64-Bit Server VM (21.0.6+9-b895.109, mixed mode, sharing, tiered, compressed oops, compressed class ptrs, g1 gc, windows-amd64)
# No core dump will be written. Minidumps are not enabled by default on client versions of Windows
#

---------------  S U M M A R Y ------------

Command Line: -Djava.io.tmpdir=C:\Users\Gio\AppData\Local\JetBrains\Rider2025.1\tmp\statistics-uploader com.intellij.internal.statistic.uploader.EventLogUploader --ide-token C:\Users\Gio\AppData\Local\JetBrains\Rider2025.1\token --recorders FUS;MP;IJ_MAP;ML --device-fus 191124198834600-7307-4968-a498-8c8cba987e71 --bucket-fus 145 --machine-fus 8666f3fd714df1006f37fd547935dd2fa316a749f41dc8bd502dab67c5c7b245 --id-revision-fus 0 --files-fus C:\Users\Gio\AppData\Local\JetBrains\Rider2025.1\event-log-data\logs\FUS\029e-474d-b6b7-47ccbfeaa094-251.25410.119-release.log;C:\Users\Gio\AppData\Local\JetBrains\Rider2025.1\event-log-data\logs\FUS\2089-414a-89d4-3c25b3d09a2e-251.25410.119-release.log;C:\Users\Gio\AppData\Local\JetBrains\Rider2025.1\event-log-data\logs\FUS\39ae-4567-9640-f9d967be7ebd-251.25410.119-release.log;C:\Users\Gio\AppData\Local\JetBrains\Rider2025.1\event-log-data\logs\FUS\3cc8-4770-a3ee-ec50a1b03cc5-251.25410.119-release.log;C:\Users\Gio\AppData\Local\JetBrains\Rider2025.1\event-log-data\logs\FUS\47e5-4255-acad-0b02111a719a-251.25410.119-release.log --escape-fus false --device-mp 1911241b80a4b62-a0e4-4740-acd8-a63d89d7a909 --bucket-mp 158 --machine-mp b4fb0eb8193fa2677cf36a3205d2058482565f38d3181fad233c9ef2d608b160 --id-revision-mp 0 --files-mp C:\Users\Gio\AppData\Local\JetBrains\Rider2025.1\event-log-data\logs\MP\e55c-480e-a3b6-5bf711d89d18-251.25410.119-release.log --escape-mp false --device-ij_map 191124198834600-7307-4968-a498-8c8cba987e71 --bucket-ij_map 145 --machine-ij_map 8666f3fd714df1006f37fd547935dd2fa316a749f41dc8bd502dab67c5c7b245 --id-revision-ij_map 0 --files-ij_map C:\Users\Gio\AppData\Local\JetBrains\Rider2025.1\event-log-data\logs\IJ_MAP\05c0-4a71-b204-4133b3e18f07-251.25410.119-release.log;C:\Users\Gio\AppData\Local\JetBrains\Rider2025.1\event-log-data\logs\IJ_MAP\0913-4673-b27e-69e867f1ae55-251.25410.119-release.log;C:\Users\Gio\AppData\Local\JetBrains\Rider2025.1\event-log-data\logs\IJ_MAP\1870-4fa2-8d7e-0d37d24b7a1e-251.25410.119-release.log;C:\Users\Gio\AppData\Local\JetBrains\Rider2025.1\event-log-data\logs\IJ_MAP\1e48-4b96-8200-4f723f59586d-251.25410.119-release.log;C:\Users\Gio\AppData\Local\JetBrains\Rider2025.1\event-log-data\logs\IJ_MAP\23da-4125-a59a-ad6dd819204b-251.25410.119-release.log --escape-ij_map false --device-ml 191124198834600-7307-4968-a498-8c8cba987e71 --bucket-ml 145 --machine-ml 8666f3fd714df1006f37fd547935dd2fa316a749f41dc8bd502dab67c5c7b245 --id-revision-ml 0 --files-ml C:\Users\Gio\AppData\Local\JetBrains\Rider2025.1\event-log-data\logs\ML\00eb-4001-bd7e-6cfcd1e425fd-251.25410.119-release.log;C:\Users\Gio\AppData\Local\JetBrains\Rider2025.1\event-log-data\logs\ML\1cb6-4d8b-9c61-bf4e245e1fda-251.25410.119-release.log;C:\Users\Gio\AppData\Local\JetBrains\Rider2025.1\event-log-data\logs\ML\2e43-45a5-a318-e83d4c800f5e-251.25410.119-release.log;C:\Users\Gio\AppData\Local\JetBrains\Rider2025.1\event-log-data\logs\ML\2eec-43a8-ac1b-61abe127c083-251.25410.119-release.log;C:\Users\Gio\AppData\Local\JetBrains\Rider2025.1\event-log-data\logs\ML\4ffe-4755-84b9-8ce312c0cab5-251.25410.119-release.log --escape-ml false --url https://resources.jetbrains.com/storage/fus/config/v4/%s/%s.json --product RD --product-version 2025.1.2 --baseline-version 251 --user-agent JetBrains Rider/251.25410.119 --extra-headers 

Host: Intel(R) Core(TM) i7-14650HX, 20 cores, 31G,  Windows 11 , 64 bit Build 26100 (10.0.26100.4202)
Time: Tue Jun 10 19:14:27 2025 Hora de verano romance elapsed time: 1.702295 seconds (0d 0h 0m 1s)

---------------  T H R E A D  ---------------

Current thread (0x00000212ca951fa0):  JavaThread "Unknown thread" [_thread_in_vm, id=7532, stack(0x0000009f69e00000,0x0000009f69f00000) (1024K)]

Stack: [0x0000009f69e00000,0x0000009f69f00000]
Native frames: (J=compiled Java code, j=interpreted, Vv=VM code, C=native code)
V  [jvm.dll+0x6e5cb9]
V  [jvm.dll+0x8c4113]
V  [jvm.dll+0x8c666e]
V  [jvm.dll+0x8c6d53]
V  [jvm.dll+0x288f76]
V  [jvm.dll+0x6e2575]
V  [jvm.dll+0x6d602a]
V  [jvm.dll+0x3635db]
V  [jvm.dll+0x36b1a6]
V  [jvm.dll+0x3bd4f6]
V  [jvm.dll+0x3bd7c8]
V  [jvm.dll+0x335d2c]
V  [jvm.dll+0x336a1b]
V  [jvm.dll+0x88b569]
V  [jvm.dll+0x3ca6c8]
V  [jvm.dll+0x8745b8]
V  [jvm.dll+0x45f0de]
V  [jvm.dll+0x460dc1]
C  [jli.dll+0x52ab]
C  [ucrtbase.dll+0x37b0]
C  [KERNEL32.DLL+0x2e8d7]
C  [ntdll.dll+0x3c34c]


---------------  P R O C E S S  ---------------

Threads class SMR info:
_java_thread_list=0x00007ff8d2c7a148, length=0, elements={
}

Java Threads: ( => current thread )
Total: 0

Other Threads:
  0x00000212ca9fabf0 WorkerThread "GC Thread#0"                     [id=14896, stack(0x0000009f69f00000,0x0000009f6a000000) (1024K)]
  0x00000212caa0cf30 ConcurrentGCThread "G1 Main Marker"            [id=2704, stack(0x0000009f6a000000,0x0000009f6a100000) (1024K)]
  0x00000212caa0d940 WorkerThread "G1 Conc#0"                       [id=22300, stack(0x0000009f6a100000,0x0000009f6a200000) (1024K)]

[error occurred during error reporting (printing all threads), id 0xc0000005, EXCEPTION_ACCESS_VIOLATION (0xc0000005) at pc=0x00007ff8d2368e07]
VM state: not at safepoint (not fully initialized)

VM Mutex/Monitor currently owned by a thread:  ([mutex/lock_event])
[0x00007ff8d2ceeb30] Heap_lock - owner thread: 0x00000212ca951fa0

Heap address: 0x0000000604800000, size: 8120 MB, Compressed Oops mode: Zero based, Oop shift amount: 3

CDS archive(s) mapped at: [0x0000000000000000-0x0000000000000000-0x0000000000000000), size 0, SharedBaseAddress: 0x0000000800000000, ArchiveRelocationMode: 1.
Narrow klass base: 0x0000000000000000, Narrow klass shift: 0, Narrow klass range: 0x0

GC Precious Log:
 CardTable entry size: 512
 Card Set container configuration: InlinePtr #cards 4 size 8 Array Of Cards #cards 32 size 80 Howl #buckets 8 coarsen threshold 7372 Howl Bitmap #cards 1024 size 144 coarsen threshold 921 Card regions per heap region 1 cards per card region 8192

Heap:
 garbage-first heap   total 0K, used 0K [0x0000000604800000, 0x0000000800000000)
  region size 4096K, 0 young (0K), 0 survivors (0K)
 Metaspace       used 0K, committed 0K, reserved 0K
  class space    used 0K, committed 0K, reserved 0K

Heap Regions: E=young(eden), S=young(survivor), O=old, HS=humongous(starts), HC=humongous(continues), CS=collection set, F=free, TAMS=top-at-mark-start, PB=parsable bottom

Card table byte_map: [0x00000212df400000,0x00000212e03e0000] _byte_map_base: 0x00000212dc3dc000

Marking Bits: (CMBitMap*) 0x00000212ca9fba10
 Bits: [0x00000212e03e0000, 0x00000212e82c0000)

GC Heap History (0 events):
No events

Dll operation events (1 events):
Event: 0.012 Loaded shared library C:\Program Files\JetBrains\JetBrains Rider 2024.3.3\jbr\bin\java.dll

Deoptimization events (0 events):
No events

Classes loaded (0 events):
No events

Classes unloaded (0 events):
No events

Classes redefined (0 events):
No events

Internal exceptions (0 events):
No events

ZGC Phase Switch (0 events):
No events

VM Operations (0 events):
No events

Memory protections (0 events):
No events

Nmethod flushes (0 events):
No events

Events (0 events):
No events


Dynamic libraries:
0x00007ff6a5dc0000 - 0x00007ff6a5dca000 	C:\Program Files\JetBrains\JetBrains Rider 2024.3.3\jbr\bin\java.exe
0x00007ffa1adc0000 - 0x00007ffa1b025000 	C:\WINDOWS\SYSTEM32\ntdll.dll
0x00007ffa198e0000 - 0x00007ffa199a9000 	C:\WINDOWS\System32\KERNEL32.DLL
0x00007ffa17ff0000 - 0x00007ffa183d8000 	C:\WINDOWS\System32\KERNELBASE.dll
0x00007ffa18620000 - 0x00007ffa1876b000 	C:\WINDOWS\System32\ucrtbase.dll
0x00007ffa0bea0000 - 0x00007ffa0bebb000 	C:\Program Files\JetBrains\JetBrains Rider 2024.3.3\jbr\bin\VCRUNTIME140.dll
0x00007ffa0bfd0000 - 0x00007ffa0bfe8000 	C:\Program Files\JetBrains\JetBrains Rider 2024.3.3\jbr\bin\jli.dll
0x00007ffa1a3f0000 - 0x00007ffa1a5ba000 	C:\WINDOWS\System32\USER32.dll
0x00007ffa17f10000 - 0x00007ffa17f37000 	C:\WINDOWS\System32\win32u.dll
0x00007ff9fbd40000 - 0x00007ff9fbfda000 	C:\WINDOWS\WinSxS\amd64_microsoft.windows.common-controls_6595b64144ccf1df_6.0.26100.4202_none_3e0698d4e335f517\COMCTL32.dll
0x00007ffa1a340000 - 0x00007ffa1a36b000 	C:\WINDOWS\System32\GDI32.dll
0x00007ffa1ab80000 - 0x00007ffa1ac29000 	C:\WINDOWS\System32\msvcrt.dll
0x00007ffa18800000 - 0x00007ffa18937000 	C:\WINDOWS\System32\gdi32full.dll
0x00007ffa17f40000 - 0x00007ffa17fe3000 	C:\WINDOWS\System32\msvcp_win.dll
0x00007ffa193d0000 - 0x00007ffa19400000 	C:\WINDOWS\System32\IMM32.DLL
0x00007ffa0be90000 - 0x00007ffa0be9c000 	C:\Program Files\JetBrains\JetBrains Rider 2024.3.3\jbr\bin\vcruntime140_1.dll
0x00007ff975230000 - 0x00007ff9752bd000 	C:\Program Files\JetBrains\JetBrains Rider 2024.3.3\jbr\bin\msvcp140.dll
0x00007ff8d2020000 - 0x00007ff8d2de1000 	C:\Program Files\JetBrains\JetBrains Rider 2024.3.3\jbr\bin\server\jvm.dll
0x00007ffa19310000 - 0x00007ffa193c3000 	C:\WINDOWS\System32\ADVAPI32.dll
0x00007ffa19260000 - 0x00007ffa19306000 	C:\WINDOWS\System32\sechost.dll
0x00007ffa19130000 - 0x00007ffa19245000 	C:\WINDOWS\System32\RPCRT4.dll
0x00007ffa199b0000 - 0x00007ffa19a24000 	C:\WINDOWS\System32\WS2_32.dll
0x00007ffa0aaa0000 - 0x00007ffa0aad5000 	C:\WINDOWS\SYSTEM32\WINMM.dll
0x00007ffa0a3e0000 - 0x00007ffa0a3eb000 	C:\WINDOWS\SYSTEM32\VERSION.dll
0x00007ffa16b50000 - 0x00007ffa16bae000 	C:\WINDOWS\SYSTEM32\POWRPROF.dll
0x00007ffa16b30000 - 0x00007ffa16b44000 	C:\WINDOWS\SYSTEM32\UMPDC.dll
0x00007ffa16df0000 - 0x00007ffa16e0b000 	C:\WINDOWS\SYSTEM32\kernel.appcore.dll
0x00007ffa0a340000 - 0x00007ffa0a34a000 	C:\Program Files\JetBrains\JetBrains Rider 2024.3.3\jbr\bin\jimage.dll
0x00007ffa15110000 - 0x00007ffa15351000 	C:\WINDOWS\SYSTEM32\DBGHELP.DLL
0x00007ffa1a790000 - 0x00007ffa1ab15000 	C:\WINDOWS\System32\combase.dll
0x00007ffa195f0000 - 0x00007ffa196d1000 	C:\WINDOWS\System32\OLEAUT32.dll
0x00007ffa01300000 - 0x00007ffa01339000 	C:\WINDOWS\SYSTEM32\dbgcore.DLL
0x00007ffa18940000 - 0x00007ffa189d9000 	C:\WINDOWS\System32\bcryptPrimitives.dll
0x00007ff9e9460000 - 0x00007ff9e9480000 	C:\Program Files\JetBrains\JetBrains Rider 2024.3.3\jbr\bin\java.dll

dbghelp: loaded successfully - version: 4.0.5 - missing functions: none
symbol engine: initialized successfully - sym options: 0x614 - pdb path: .;C:\Program Files\JetBrains\JetBrains Rider 2024.3.3\jbr\bin;C:\WINDOWS\SYSTEM32;C:\WINDOWS\WinSxS\amd64_microsoft.windows.common-controls_6595b64144ccf1df_6.0.26100.4202_none_3e0698d4e335f517;C:\Program Files\JetBrains\JetBrains Rider 2024.3.3\jbr\bin\server

VM Arguments:
jvm_args: -Djava.io.tmpdir=C:\Users\Gio\AppData\Local\JetBrains\Rider2025.1\tmp\statistics-uploader 
java_command: com.intellij.internal.statistic.uploader.EventLogUploader --ide-token C:\Users\Gio\AppData\Local\JetBrains\Rider2025.1\token --recorders FUS;MP;IJ_MAP;ML --device-fus 191124198834600-7307-4968-a498-8c8cba987e71 --bucket-fus 145 --machine-fus 8666f3fd714df1006f37fd547935dd2fa316a749f41dc8bd502dab67c5c7b245 --id-revision-fus 0 --files-fus C:\Users\Gio\AppData\Local\JetBrains\Rider2025.1\event-log-data\logs\FUS\029e-474d-b6b7-47ccbfeaa094-251.25410.119-release.log;C:\Users\Gio\AppData\Local\JetBrains\Rider2025.1\event-log-data\logs\FUS\2089-414a-89d4-3c25b3d09a2e-251.25410.119-release.log;C:\Users\Gio\AppData\Local\JetBrains\Rider2025.1\event-log-data\logs\FUS\39ae-4567-9640-f9d967be7ebd-251.25410.119-release.log;C:\Users\Gio\AppData\Local\JetBrains\Rider2025.1\event-log-data\logs\FUS\3cc8-4770-a3ee-ec50a1b03cc5-251.25410.119-release.log;C:\Users\Gio\AppData\Local\JetBrains\Rider2025.1\event-log-data\logs\FUS\47e5-4255-acad-0b02111a719a-251.25410.119-release.log --escape-fus false --device-mp 1911241b80a4b62-a0e4-4740-acd8-a63d89d7a909 --bucket-mp 158 --machine-mp b4fb0eb8193fa2677cf36a3205d2058482565f38d3181fad233c9ef2d608b160 --id-revision-mp 0 --files-mp C:\Users\Gio\AppData\Local\JetBrains\Rider2025.1\event-log-data\logs\MP\e55c-480e-a3b6-5bf711d89d18-251.25410.119-release.log --escape-mp false --device-ij_map 191124198834600-7307-4968-a498-8c8cba987e71 --bucket-ij_map 145 --machine-ij_map 8666f3fd714df1006f37fd547935dd2fa316a749f41dc8bd502dab67c5c7b245 --id-revision-ij_map 0 --files-ij_map C:\Users\Gio\AppData\Local\JetBrains\Rider2025.1\event-log-data\logs\IJ_MAP\05c0-4a71-b204-4133b3e18f07-251.25410.119-release.log;C:\Users\Gio\AppData\Local\JetBrains\Rider2025.1\event-log-data\logs\IJ_MAP\0913-4673-b27e-69e867f1ae55-251.25410.119-release.log;C:\Users\Gio\AppData\Local\JetBrains\Rider2025.1\event-log-data\logs\IJ_MAP\1870-4fa2-8d7e-0d37d24b7a1e-251.25410.119-release.log;C:\Users\Gio\AppData\Local\JetBrains\Rider2025.1\event-log-data\logs\IJ_MAP\1
java_class_path (initial): C:\Program Files\JetBrains\JetBrains Rider 2024.3.3\lib\util-8.jar;C:\Program Files\JetBrains\JetBrains Rider 2024.3.3\lib\annotations.jar;C:\Program Files\JetBrains\JetBrains Rider 2024.3.3\lib\lib-client.jar;C:\Program Files\JetBrains\JetBrains Rider 2024.3.3\lib\stats.jar
Launcher Type: SUN_STANDARD

[Global flags]
     intx CICompilerCount                          = 12                                        {product} {ergonomic}
     uint ConcGCThreads                            = 4                                         {product} {ergonomic}
     uint G1ConcRefinementThreads                  = 15                                        {product} {ergonomic}
   size_t G1HeapRegionSize                         = 4194304                                   {product} {ergonomic}
    uintx GCDrainStackTargetSize                   = 64                                        {product} {ergonomic}
   size_t InitialHeapSize                          = 532676608                                 {product} {ergonomic}
   size_t MarkStackSize                            = 4194304                                   {product} {ergonomic}
   size_t MaxHeapSize                              = 8514437120                                {product} {ergonomic}
   size_t MinHeapDeltaBytes                        = 4194304                                   {product} {ergonomic}
   size_t MinHeapSize                              = 8388608                                   {product} {ergonomic}
    uintx NonNMethodCodeHeapSize                   = 7602480                                {pd product} {ergonomic}
    uintx NonProfiledCodeHeapSize                  = 122027880                              {pd product} {ergonomic}
    uintx ProfiledCodeHeapSize                     = 122027880                              {pd product} {ergonomic}
    uintx ReservedCodeCacheSize                    = 251658240                              {pd product} {ergonomic}
     bool SegmentedCodeCache                       = true                                      {product} {ergonomic}
   size_t SoftMaxHeapSize                          = 8514437120                             {manageable} {ergonomic}
     bool UseCompressedOops                        = true                           {product lp64_product} {ergonomic}
     bool UseG1GC                                  = true                                      {product} {ergonomic}
     bool UseLargePagesIndividualAllocation        = false                                  {pd product} {ergonomic}

Logging:
Log output configuration:
 #0: stdout all=warning uptime,level,tags foldmultilines=false
 #1: stderr all=off uptime,level,tags foldmultilines=false

Environment Variables:
PATH=C:\WINDOWS\system32;C:\WINDOWS;C:\WINDOWS\System32\Wbem;C:\WINDOWS\System32\WindowsPowerShell\v1.0\;C:\WINDOWS\System32\OpenSSH\;C:\Program Files (x86)\NVIDIA Corporation\PhysX\Common;C:\Program Files\dotnet\;C:\Program Files\Git\cmd;C:\Program Files\NVIDIA Corporation\NVIDIA app\NvDLISR;C:\Program Files\AutoFirma\AutoFirma;C:\Users\Gio\AppData\Local\Microsoft\WindowsApps;C:\Users\Gio\.dotnet\tools;C:\Program Files\JetBrains\JetBrains Rider 2024.3\bin;;C:\Users\Gio\AppData\Local\GitHubDesktop\bin
USERNAME=Gio
OS=Windows_NT
PROCESSOR_IDENTIFIER=Intel64 Family 6 Model 183 Stepping 1, GenuineIntel
TMP=C:\Users\Gio\AppData\Local\Temp
TEMP=C:\Users\Gio\AppData\Local\Temp




Periodic native trim disabled

JNI global refs:
JNI global refs: 0, weak refs: 0

JNI global refs memory usage: 0, weak refs: 0

Process memory usage:
Resident Set Size: 13380K (0% of 33250384K total physical memory with 5996744K free physical memory)

OOME stack traces (most recent first):
Classloader memory used:

---------------  S Y S T E M  ---------------

OS:
 Windows 11 , 64 bit Build 26100 (10.0.26100.4202)
OS uptime: 1 days 5:53 hours

CPU: total 20 (initial active 20) (12 cores per cpu, 2 threads per core) family 6 model 183 stepping 1 microcode 0x120, cx8, cmov, fxsr, ht, mmx, 3dnowpref, sse, sse2, sse3, ssse3, sse4.1, sse4.2, popcnt, lzcnt, tsc, tscinvbit, avx, avx2, aes, erms, clmul, bmi1, bmi2, adx, sha, fma, vzeroupper, clflush, clflushopt, clwb, serialize, rdtscp, rdpid, fsrm, f16c, pku, cet_ibt, cet_ss
Processor Information for processor 0
  Max Mhz: 2200, Current Mhz: 2200, Mhz Limit: 2200
Processor Information for processor 1
  Max Mhz: 2200, Current Mhz: 1466, Mhz Limit: 2200
Processor Information for processor 2
  Max Mhz: 2200, Current Mhz: 1466, Mhz Limit: 2200
Processor Information for processor 3
  Max Mhz: 2200, Current Mhz: 1466, Mhz Limit: 2200
Processor Information for processor 4
  Max Mhz: 2200, Current Mhz: 2200, Mhz Limit: 2200
Processor Information for processor 5
  Max Mhz: 2200, Current Mhz: 1466, Mhz Limit: 2200
Processor Information for processor 6
  Max Mhz: 2200, Current Mhz: 2200, Mhz Limit: 2200
Processor Information for processor 7
  Max Mhz: 2200, Current Mhz: 1466, Mhz Limit: 2200
Processor Information for processor 8
  Max Mhz: 2200, Current Mhz: 1466, Mhz Limit: 2200
Processor Information for processor 9
  Max Mhz: 2200, Current Mhz: 1466, Mhz Limit: 2200
Processor Information for processor 10
  Max Mhz: 2200, Current Mhz: 2200, Mhz Limit: 2200
Processor Information for processor 11
  Max Mhz: 2200, Current Mhz: 1466, Mhz Limit: 2200
Processor Information for processor 12
  Max Mhz: 2200, Current Mhz: 1466, Mhz Limit: 2200
Processor Information for processor 13
  Max Mhz: 2200, Current Mhz: 1466, Mhz Limit: 2200
Processor Information for processor 14
  Max Mhz: 2200, Current Mhz: 1466, Mhz Limit: 2200
Processor Information for processor 15
  Max Mhz: 2200, Current Mhz: 1466, Mhz Limit: 2200
Processor Information for processor 16
  Max Mhz: 2200, Current Mhz: 2200, Mhz Limit: 2200
Processor Information for processor 17
  Max Mhz: 2200, Current Mhz: 1512, Mhz Limit: 2200
Processor Information for processor 18
  Max Mhz: 2200, Current Mhz: 1512, Mhz Limit: 2200
Processor Information for processor 19
  Max Mhz: 2200, Current Mhz: 1512, Mhz Limit: 2200

Memory: 4k page, system-wide physical 32471M (5856M free)
TotalPageFile size 69888M (AvailPageFile size 168M)
current process WorkingSet (physical memory assigned to process): 13M, peak: 13M
current process commit charge ("private bytes"): 75M, peak: 583M

vm_info: OpenJDK 64-Bit Server VM (21.0.6+9-b895.109) for windows-amd64 JRE (21.0.6+9-b895.109), built on 2025-03-26 by "builduser" with MS VC++ 16.10 / 16.11 (VS2019)

END.
