#
# There is insufficient memory for the Java Runtime Environment to continue.
# Native memory allocation (mmap) failed to map 8323072 bytes for G1 virtual space
# Possible reasons:
#   The system is out of physical RAM or swap space
#   The process is running with CompressedOops enabled, and the Java Heap may be blocking the growth of the native heap
# Possible solutions:
#   Reduce memory load on the system
#   Increase physical memory or swap space
#   Check if swap backing store is full
#   Decrease Java heap size (-Xmx/-Xms)
#   Decrease number of Java threads
#   Decrease Java thread stack sizes (-Xss)
#   Set larger code cache with -XX:ReservedCodeCacheSize=
#   JVM is running with Zero Based Compressed Oops mode in which the Java heap is
#     placed in the first 32GB address space. The Java Heap base address is the
#     maximum limit for the native heap growth. Please use -XX:HeapBaseMinAddress
#     to set the Java Heap base and to place the Java Heap above 32GB virtual address.
# This output file may be truncated or incomplete.
#
#  Out of Memory Error (os_windows.cpp:3613), pid=21804, tid=29828
#
# JRE version:  (17.0.9+9) (build )
# Java VM: OpenJDK 64-Bit Server VM (17.0.9+9, mixed mode, sharing, tiered, compressed oops, compressed class ptrs, g1 gc, windows-amd64)
# No core dump will be written. Minidumps are not enabled by default on client versions of Windows
#

---------------  S U M M A R Y ------------

Command Line: 

Host: Intel(R) Core(TM) i7-14650HX, 20 cores, 31G,  Windows 11 , 64 bit Build 26100 (10.0.26100.4202)
Time: Wed Jun 18 00:56:24 2025 Hora de verano romance elapsed time: 2.052367 seconds (0d 0h 0m 2s)

---------------  T H R E A D  ---------------

Current thread (0x0000025bb1604400):  JavaThread "Unknown thread" [_thread_in_vm, id=29828, stack(0x00000072be400000,0x00000072be500000)]

Stack: [0x00000072be400000,0x00000072be500000]
Native frames: (J=compiled Java code, j=interpreted, Vv=VM code, C=native code)
V  [jvm.dll+0x67cf49]
V  [jvm.dll+0x83478a]
V  [jvm.dll+0x83624e]
V  [jvm.dll+0x8368b3]
V  [jvm.dll+0x247f1f]
V  [jvm.dll+0x679d69]
V  [jvm.dll+0x66e6ba]
V  [jvm.dll+0x307e5b]
V  [jvm.dll+0x30f306]
V  [jvm.dll+0x35f0e3]
V  [jvm.dll+0x35f2ff]
V  [jvm.dll+0x2dea58]
V  [jvm.dll+0x2df9c4]
V  [jvm.dll+0x806031]
V  [jvm.dll+0x36cf31]
V  [jvm.dll+0x7e4aac]
V  [jvm.dll+0x3f07af]
V  [jvm.dll+0x3f23e1]
C  [jli.dll+0x528f]
C  [ucrtbase.dll+0x37b0]
C  [KERNEL32.DLL+0x2e8d7]
C  [ntdll.dll+0x3c34c]


---------------  P R O C E S S  ---------------

Threads class SMR info:
_java_thread_list=0x00007ffee306ee98, length=0, elements={
}

Java Threads: ( => current thread )

Other Threads:
  0x0000025bb16b62a0 GCTaskThread "GC Thread#0" [stack: 0x00000072be500000,0x00000072be600000] [id=40380]
  0x0000025bdc239540 ConcurrentGCThread "G1 Main Marker" [stack: 0x00000072be600000,0x00000072be700000] [id=21868]
  0x0000025bdc239f60 ConcurrentGCThread "G1 Conc#0" [stack: 0x00000072be700000,0x00000072be800000] [id=12884]

[error occurred during error reporting (printing all threads), id 0xc0000005, EXCEPTION_ACCESS_VIOLATION (0xc0000005) at pc=0x00007ffee282f497]

VM state: not at safepoint (not fully initialized)

VM Mutex/Monitor currently owned by a thread:  ([mutex/lock_event])
[0x0000025bb1602180] Heap_lock - owner thread: 0x0000025bb1604400

Heap address: 0x0000000604800000, size: 8120 MB, Compressed Oops mode: Zero based, Oop shift amount: 3

CDS archive(s) mapped at: [0x0000000000000000-0x0000000000000000-0x0000000000000000), size 0, SharedBaseAddress: 0x0000000800000000, ArchiveRelocationMode: 1.
Narrow klass base: 0x0000000000000000, Narrow klass shift: 0, Narrow klass range: 0x0

GC Precious Log:
<Empty>

Heap:
 garbage-first heap   total 0K, used 0K [0x0000000604800000, 0x0000000800000000)
  region size 4096K, 0 young (0K), 0 survivors (0K)

[error occurred during error reporting (printing heap information), id 0xc0000005, EXCEPTION_ACCESS_VIOLATION (0xc0000005) at pc=0x00007ffee2c16c79]

GC Heap History (0 events):
No events

Dll operation events (1 events):
Event: 0.025 Loaded shared library C:\Program Files\Unity\Hub\Editor\6000.0.24f1\Editor\Data\PlaybackEngines\AndroidPlayer\OpenJDK\bin\java.dll

Deoptimization events (0 events):
No events

Classes unloaded (0 events):
No events

Classes redefined (0 events):
No events

Internal exceptions (0 events):
No events

VM Operations (0 events):
No events

Events (0 events):
No events


Dynamic libraries:
0x00007ff78fdf0000 - 0x00007ff78fdfe000 	C:\Program Files\Unity\Hub\Editor\6000.0.24f1\Editor\Data\PlaybackEngines\AndroidPlayer\OpenJDK\bin\java.exe
0x00007ff8275e0000 - 0x00007ff827845000 	C:\WINDOWS\SYSTEM32\ntdll.dll
0x00007ff8263f0000 - 0x00007ff8264b9000 	C:\WINDOWS\System32\KERNEL32.DLL
0x00007ff8248b0000 - 0x00007ff824c98000 	C:\WINDOWS\System32\KERNELBASE.dll
0x00007ff824d60000 - 0x00007ff824eab000 	C:\WINDOWS\System32\ucrtbase.dll
0x00007ff818730000 - 0x00007ff81874b000 	C:\Program Files\Unity\Hub\Editor\6000.0.24f1\Editor\Data\PlaybackEngines\AndroidPlayer\OpenJDK\bin\VCRUNTIME140.dll
0x00007ff816760000 - 0x00007ff816777000 	C:\Program Files\Unity\Hub\Editor\6000.0.24f1\Editor\Data\PlaybackEngines\AndroidPlayer\OpenJDK\bin\jli.dll
0x00007ff8253b0000 - 0x00007ff82557a000 	C:\WINDOWS\System32\USER32.dll
0x00007ff824d30000 - 0x00007ff824d57000 	C:\WINDOWS\System32\win32u.dll
0x00007ff8238c0000 - 0x00007ff823b5a000 	C:\WINDOWS\WinSxS\amd64_microsoft.windows.common-controls_6595b64144ccf1df_6.0.26100.4202_none_3e0698d4e335f517\COMCTL32.dll
0x00007ff825380000 - 0x00007ff8253ab000 	C:\WINDOWS\System32\GDI32.dll
0x00007ff825240000 - 0x00007ff825377000 	C:\WINDOWS\System32\gdi32full.dll
0x00007ff826580000 - 0x00007ff826629000 	C:\WINDOWS\System32\msvcrt.dll
0x00007ff825190000 - 0x00007ff825233000 	C:\WINDOWS\System32\msvcp_win.dll
0x00007ff825580000 - 0x00007ff8255b0000 	C:\WINDOWS\System32\IMM32.DLL
0x00007ff8044c0000 - 0x00007ff8044cc000 	C:\Program Files\Unity\Hub\Editor\6000.0.24f1\Editor\Data\PlaybackEngines\AndroidPlayer\OpenJDK\bin\vcruntime140_1.dll
0x00007fff899f0000 - 0x00007fff89a7d000 	C:\Program Files\Unity\Hub\Editor\6000.0.24f1\Editor\Data\PlaybackEngines\AndroidPlayer\OpenJDK\bin\msvcp140.dll
0x00007ffee2540000 - 0x00007ffee31a1000 	C:\Program Files\Unity\Hub\Editor\6000.0.24f1\Editor\Data\PlaybackEngines\AndroidPlayer\OpenJDK\bin\server\jvm.dll
0x00007ff8264c0000 - 0x00007ff826573000 	C:\WINDOWS\System32\ADVAPI32.dll
0x00007ff826240000 - 0x00007ff8262e6000 	C:\WINDOWS\System32\sechost.dll
0x00007ff827480000 - 0x00007ff827595000 	C:\WINDOWS\System32\RPCRT4.dll
0x00007ff819d30000 - 0x00007ff819d3a000 	C:\WINDOWS\SYSTEM32\WSOCK32.dll
0x00007ff816ad0000 - 0x00007ff816b05000 	C:\WINDOWS\SYSTEM32\WINMM.dll
0x00007ff8261a0000 - 0x00007ff826214000 	C:\WINDOWS\System32\WS2_32.dll
0x00007ff8192e0000 - 0x00007ff8192eb000 	C:\WINDOWS\SYSTEM32\VERSION.dll
0x00007ff823f90000 - 0x00007ff823fee000 	C:\WINDOWS\SYSTEM32\POWRPROF.dll
0x00007ff823c60000 - 0x00007ff823c74000 	C:\WINDOWS\SYSTEM32\UMPDC.dll
0x00007ff822bf0000 - 0x00007ff822c0b000 	C:\WINDOWS\SYSTEM32\kernel.appcore.dll
0x00007ff8044b0000 - 0x00007ff8044ba000 	C:\Program Files\Unity\Hub\Editor\6000.0.24f1\Editor\Data\PlaybackEngines\AndroidPlayer\OpenJDK\bin\jimage.dll
0x00007ff824020000 - 0x00007ff824261000 	C:\WINDOWS\SYSTEM32\DBGHELP.DLL
0x00007ff8270f0000 - 0x00007ff827475000 	C:\WINDOWS\System32\combase.dll
0x00007ff826840000 - 0x00007ff826921000 	C:\WINDOWS\System32\OLEAUT32.dll
0x00007ff823e80000 - 0x00007ff823eb9000 	C:\WINDOWS\SYSTEM32\dbgcore.DLL
0x00007ff824f70000 - 0x00007ff825009000 	C:\WINDOWS\System32\bcryptPrimitives.dll
0x00007fffcbcd0000 - 0x00007fffcbcf5000 	C:\Program Files\Unity\Hub\Editor\6000.0.24f1\Editor\Data\PlaybackEngines\AndroidPlayer\OpenJDK\bin\java.dll

dbghelp: loaded successfully - version: 4.0.5 - missing functions: none
symbol engine: initialized successfully - sym options: 0x614 - pdb path: .;C:\Program Files\Unity\Hub\Editor\6000.0.24f1\Editor\Data\PlaybackEngines\AndroidPlayer\OpenJDK\bin;C:\WINDOWS\SYSTEM32;C:\WINDOWS\WinSxS\amd64_microsoft.windows.common-controls_6595b64144ccf1df_6.0.26100.4202_none_3e0698d4e335f517;C:\Program Files\Unity\Hub\Editor\6000.0.24f1\Editor\Data\PlaybackEngines\AndroidPlayer\OpenJDK\bin\server

VM Arguments:
java_command: <unknown>
java_class_path (initial): <not set>
Launcher Type: SUN_STANDARD

[Global flags]
     intx CICompilerCount                          = 12                                        {product} {ergonomic}
     uint ConcGCThreads                            = 4                                         {product} {ergonomic}
     uint G1ConcRefinementThreads                  = 15                                        {product} {ergonomic}
   size_t G1HeapRegionSize                         = 4194304                                   {product} {ergonomic}
    uintx GCDrainStackTargetSize                   = 64                                        {product} {ergonomic}
   size_t InitialHeapSize                          = 532676608                                 {product} {ergonomic}
   size_t MarkStackSize                            = 4194304                                   {product} {ergonomic}
   size_t MaxHeapSize                              = 8514437120                                {product} {ergonomic}
   size_t MinHeapDeltaBytes                        = 4194304                                   {product} {ergonomic}
   size_t MinHeapSize                              = 8388608                                   {product} {ergonomic}
    uintx NonNMethodCodeHeapSize                   = 7602480                                {pd product} {ergonomic}
    uintx NonProfiledCodeHeapSize                  = 122027880                              {pd product} {ergonomic}
    uintx ProfiledCodeHeapSize                     = 122027880                              {pd product} {ergonomic}
    uintx ReservedCodeCacheSize                    = 251658240                              {pd product} {ergonomic}
     bool SegmentedCodeCache                       = true                                      {product} {ergonomic}
   size_t SoftMaxHeapSize                          = 8514437120                             {manageable} {ergonomic}
     bool UseCompressedClassPointers               = true                           {product lp64_product} {ergonomic}
     bool UseCompressedOops                        = true                           {product lp64_product} {ergonomic}
     bool UseG1GC                                  = true                                      {product} {ergonomic}
     bool UseLargePagesIndividualAllocation        = false                                  {pd product} {ergonomic}

Logging:
Log output configuration:
 #0: stdout all=warning uptime,level,tags
 #1: stderr all=off uptime,level,tags

Environment Variables:
PATH=C:\WINDOWS\system32;C:\WINDOWS;C:\WINDOWS\System32\Wbem;C:\WINDOWS\System32\WindowsPowerShell\v1.0\;C:\WINDOWS\System32\OpenSSH\;C:\Program Files (x86)\NVIDIA Corporation\PhysX\Common;C:\Program Files\dotnet\;C:\Program Files\Git\cmd;C:\Program Files\NVIDIA Corporation\NVIDIA app\NvDLISR;C:\Program Files\AutoFirma\AutoFirma;C:\Users\Gio\AppData\Local\Microsoft\WindowsApps;C:\Users\Gio\.dotnet\tools;C:\Program Files\JetBrains\JetBrains Rider 2024.3\bin;;C:\Users\Gio\AppData\Local\GitHubDesktop\bin
USERNAME=Gio
OS=Windows_NT
PROCESSOR_IDENTIFIER=Intel64 Family 6 Model 183 Stepping 1, GenuineIntel
TMP=C:\Users\Gio\AppData\Local\Temp
TEMP=C:\Users\Gio\AppData\Local\Temp



Periodic native trim disabled


---------------  S Y S T E M  ---------------

OS:
 Windows 11 , 64 bit Build 26100 (10.0.26100.4202)
OS uptime: 1 days 10:10 hours

CPU: total 20 (initial active 20) (12 cores per cpu, 2 threads per core) family 6 model 183 stepping 1 microcode 0x120, cx8, cmov, fxsr, ht, mmx, 3dnowpref, sse, sse2, sse3, ssse3, sse4.1, sse4.2, popcnt, lzcnt, tsc, tscinvbit, avx, avx2, aes, erms, clmul, bmi1, bmi2, adx, sha, fma, vzeroupper, clflush, clflushopt, clwb
Processor Information for processor 0
  Max Mhz: 2200, Current Mhz: 1466, Mhz Limit: 2200
Processor Information for processor 1
  Max Mhz: 2200, Current Mhz: 2200, Mhz Limit: 2200
Processor Information for processor 2
  Max Mhz: 2200, Current Mhz: 1466, Mhz Limit: 2200
Processor Information for processor 3
  Max Mhz: 2200, Current Mhz: 2200, Mhz Limit: 2200
Processor Information for processor 4
  Max Mhz: 2200, Current Mhz: 1466, Mhz Limit: 2200
Processor Information for processor 5
  Max Mhz: 2200, Current Mhz: 2200, Mhz Limit: 2200
Processor Information for processor 6
  Max Mhz: 2200, Current Mhz: 1466, Mhz Limit: 2200
Processor Information for processor 7
  Max Mhz: 2200, Current Mhz: 2200, Mhz Limit: 2200
Processor Information for processor 8
  Max Mhz: 2200, Current Mhz: 1466, Mhz Limit: 2200
Processor Information for processor 9
  Max Mhz: 2200, Current Mhz: 1466, Mhz Limit: 2200
Processor Information for processor 10
  Max Mhz: 2200, Current Mhz: 2200, Mhz Limit: 2200
Processor Information for processor 11
  Max Mhz: 2200, Current Mhz: 1466, Mhz Limit: 2200
Processor Information for processor 12
  Max Mhz: 2200, Current Mhz: 1466, Mhz Limit: 2200
Processor Information for processor 13
  Max Mhz: 2200, Current Mhz: 1466, Mhz Limit: 2200
Processor Information for processor 14
  Max Mhz: 2200, Current Mhz: 1466, Mhz Limit: 2200
Processor Information for processor 15
  Max Mhz: 2200, Current Mhz: 1466, Mhz Limit: 2200
Processor Information for processor 16
  Max Mhz: 2200, Current Mhz: 1512, Mhz Limit: 2200
Processor Information for processor 17
  Max Mhz: 2200, Current Mhz: 1512, Mhz Limit: 2200
Processor Information for processor 18
  Max Mhz: 2200, Current Mhz: 1512, Mhz Limit: 2200
Processor Information for processor 19
  Max Mhz: 2200, Current Mhz: 1512, Mhz Limit: 2200

Memory: 4k page, system-wide physical 32471M (1045M free)
TotalPageFile size 69888M (AvailPageFile size 7M)
current process WorkingSet (physical memory assigned to process): 13M, peak: 13M
current process commit charge ("private bytes"): 584M, peak: 592M

vm_info: OpenJDK 64-Bit Server VM (17.0.9+9) for windows-amd64 JRE (17.0.9+9), built on Oct 26 2023 14:01:42 by "admin" with MS VC++ 16.10 / 16.11 (VS2019)

END.
